[agent1_forward_step = 1.7599999904632568359375*(2**-2),
 agent0_lookahead = 1.16999995708465576171875*(2**-1),
 agent0_angle = 1.5829999446868896484375,
 agent0_pos_x = 1.58500003814697265625,
 agent0_speed = 1.02400004863739013671875*(2**-9),
 agent1_angle = 1.40799999237060546875*(2**-7),
 agent1_lookahead = 1.16999995708465576171875*(2**-1),
 agent1_speed = 1.36000001430511474609375*(2**-3),
 agent1_pos_x = 1.30759537220001220703125,
 agent0_pos_z = 1.84200000762939453125,
 agent0_forward_step = 1.7599999904632568359375*(2**-2),
 agent1_pos_z = 1.58700001239776611328125,
 k!0 = False,
 agent0_signal_choice = 2,
 agent0_initial_direction_ackermann!11 = 0,
 agent1_lookahead_ackermann!18 = 1058390671,
 __soid__will_proceed_ackermann!24 = 5,
 agent1_signal_choice = 0,
 agent1_turn_choice = 2,
 __soid__will_proceed = 5,
 agent1_pos_z_ackermann!16 = 1070277329,
 agent1_initial_direction_ackermann!20 = 2,
 agent0_angle_ackermann!5 = 1070243774,
 agent1_pos_x_ackermann!19 = 1067933513,
 agent0_step_count_ackermann!14 = 108,
 will_proceed = 5,
 agent1_step_count_ackermann!0 = 108,
 agent1_forward_step_ackermann!21 = 1054951342,
 agent1_patience = 0,
 agent1_initial_direction = 2,
 agent0_lookahead_ackermann!8 = 1058390671,
 agent1_angle_ackermann!17 = 1010055512,
 agent0_patience = 0,
 agent0_turn_choice = 2,
 agent0_forward_step_ackermann!6 = 1054951342,
 agent1_speed_ackermann!23 = 1043207291,
 agent1_signal_choice_ackermann!2 = 0,
 agent0_pos_x_ackermann!3 = 1070260552,
 agent1_patience_ackermann!15 = 0,
 agent1_turn_choice_ackermann!1 = 2,
 agent1_intersection_arrival = 60,
 agent0_pos_z_ackermann!4 = 1072416424,
 agent1_step_count = 108,
 agent0_turn_choice_ackermann!10 = 2,
 agent0_intersection_arrival_ackermann!12 = 77,
 agent0_intersection_arrival = 77,
 agent0_speed_ackermann!7 = 990057071,
 agent0_step_count = 108,
 agent0_signal_choice_ackermann!9 = 2,
 agent1_intersection_arrival_ackermann!22 = 60,
 agent0_initial_direction = 0,
 agent0_patience_ackermann!13 = 0,
 fp.to_sbv = [else -> 0],
 fp.to_ieee_bv = [else -> 0]]