[__soid__agent1_state_next_to_go_ackermann!37 = 0,
 agent0_step_count = Store(K(BitVec(32), 0), 0, 115),
 __soid__agent0_state_safe_to_enter_ackermann!25 = 1,
 __soid__will_proceed = Store(K(BitVec(32), 0), 0, 1),
 agent0_initial_direction = K(BitVec(32), 0),
 __soid__agent0_state_in_intersection_ackermann!44 = 0,
 __soid__agent1_state_in_intersection_ackermann!57 = 1,
 agent1_angle_ackermann!40 = 4,
 agent0_pos_z_ackermann!7 = 1072324149,
 agent0_speed_ackermann!10 = 1037637255,
 __soid__agent0_state_car_entering_range_ackermann!56 = 0,
 agent1_speed_ackermann!39 = 1043811271,
 __soid__agent0_state_has_right_of_way_ackermann!43 = 1,
 will_proceed = Store(K(BitVec(32), 0), 0, 1),
 __soid__agent0_state_cars_waiting_to_enter_ackermann!54 = 0,
 __soid__agent1_state_intersection_empty_ackermann!19 = 1,
 agent1_signal_choice = K(BitVec(32), 0),
 __soid__agent1_prev_pos_x_ackermann!52 = 1066938663,
 __soid__agent1_state_is_tailgating_ackermann!27 = 0,
 __soid__agent0_stop_z_ackermann!22 = 0,
 __soid__agent1_state_car_entering_range_ackermann!0 = 0,
 __soid__agent1_direction_ackermann!32 = 2,
 __soid__agent0_state_is_tailgating_ackermann!45 = 0,
 __soid__agent1_state_at_intersection_entry_ackermann!60 = 0,
 agent0_pos_x_ackermann!6 = 1070260552,
 __soid__agent1_state_cars_waiting_to_enter_ackermann!59 = 0,
 __soid__agent1_state_obj_in_range_ackermann!26 = 0,
 __soid__agent1_state_safe_to_enter_ackermann!31 = 1,
 __soid__agent0_state_obj_behind_intersection_ackermann!33 = 0,
 agent1_pos_z_ackermann!38 = 1070268940,
 agent1_pos_x_ackermann!18 = 1066938663,
 __soid__agent1_stop_x_ackermann!4 = 0,
 agent1_patience = K(BitVec(32), 0),
 __soid__agent0_state_intersection_empty_ackermann!2 = 0,
 __soid__agent1_stop_z_ackermann!53 = 2147483648,
 agent1_initial_direction = Store(K(BitVec(32), 0), 0, 2),
 __soid__agent1_state_approaching_intersection_ackermann!41 = 0,
 agent0_forward_step_ackermann!9 = 1054951342,
 agent0_angle_ackermann!8 = 1070285718,
 __soid__agent1_state_obj_behind_intersection_ackermann!36 = 0,
 agent0_patience = K(BitVec(32), 0),
 agent1_forward_step_ackermann!50 = 1054951342,
 __soid__agent0_state_next_to_go_ackermann!3 = 0,
 __soid__agent0_stop_x_ackermann!24 = 2147483648,
 __soid__will_proceed_ackermann!58 = 1,
 agent1_intersection_arrival = Store(K(BitVec(32), 0),
                                     0,
                                     60),
 __soid__agent0_state_obj_in_range_ackermann!55 = 0,
 __soid__agent0_state_approaching_intersection_ackermann!34 = 1,
 agent1_step_count = Store(K(BitVec(32), 0), 0, 115),
 agent0_intersection_arrival = Store(K(BitVec(32), 0),
                                     0,
                                     77),
 __soid__agent0_state_at_intersection_entry_ackermann!51 = 0,
 __soid__agent1_state_has_right_of_way_ackermann!23 = 1,
 __soid__agent0_prev_pos_x_ackermann!30 = 1070260552,
 agent0_lookahead_ackermann!11 = 1058390671,
 agent1_lookahead_ackermann!49 = 1058390671,
 agent0_intersection_arrival_ackermann!15 = 77,
 __soid__agent0_tile_z_ackermann!21 = 3,
 agent0_step_count_ackermann!17 = 115,
 agent1_step_count_ackermann!1 = 115,
 agent1_intersection_arrival_ackermann!5 = 60,
 agent0_turn_choice_ackermann!13 = 2,
 agent0_signal_choice_ackermann!12 = 2,
 agent1_turn_choice_ackermann!28 = 2,
 agent1_initial_direction_ackermann!48 = 2,
 __soid__agent1_tile_x_ackermann!20 = 2,
 __soid__agent1_tile_z_ackermann!35 = 2,
 __soid__agent0_tile_x_ackermann!42 = 2,
 agent0_patience_ackermann!16 = 0,
 agent1_signal_choice_ackermann!47 = 0,
 agent1_patience_ackermann!46 = 0,
 agent0_initial_direction_ackermann!14 = 0,
 __soid__agent0_direction_ackermann!29 = 0,
 agent0_lookahead = 1.16999995708465576171875*(2**-1),
 agent1_lookahead = 1.16999995708465576171875*(2**-1)]